build/Android_Qt_6_7_3_Clang_arm64_v8a-Debug/android-build/build/intermediates/manifest_merge_blame_file/debug/manifest-merger-blame-debug-report.txt
1<?xml version="1.0" encoding="utf-8"?>
2<manifest xmlns:android="http://schemas.android.com/apk/res/android"
3    package="org.qtproject.example"
4    android:installLocation="auto"
5    android:versionCode="1"
6    android:versionName="1.0" >
7
8    <uses-sdk
9        android:minSdkVersion="23"
9-->Android_Qt_6_7_3_Clang_arm64_v8a-Debug\android-build\AndroidManifest.xml
10        android:targetSdkVersion="34" />
10-->Android_Qt_6_7_3_Clang_arm64_v8a-Debug\android-build\AndroidManifest.xml
11
12    <uses-permission android:name="android.permission.INTERNET" />
12-->Android_Qt_6_7_3_Clang_arm64_v8a-Debug\android-build\AndroidManifest.xml:3:5-67
12-->Android_Qt_6_7_3_Clang_arm64_v8a-Debug\android-build\AndroidManifest.xml:3:22-64
13    <uses-permission android:name="android.permission.WRITE_EXTERNAL_STORAGE" />
13-->Android_Qt_6_7_3_Clang_arm64_v8a-Debug\android-build\AndroidManifest.xml:4:5-81
13-->Android_Qt_6_7_3_Clang_arm64_v8a-Debug\android-build\AndroidManifest.xml:4:22-78
14    <uses-permission android:name="android.permission.ACCESS_NETWORK_STATE" />
14-->Android_Qt_6_7_3_Clang_arm64_v8a-Debug\android-build\AndroidManifest.xml:5:5-79
14-->Android_Qt_6_7_3_Clang_arm64_v8a-Debug\android-build\AndroidManifest.xml:5:22-76
15
16    <supports-screens
16-->Android_Qt_6_7_3_Clang_arm64_v8a-Debug\android-build\AndroidManifest.xml:7:5-135
17        android:anyDensity="true"
17-->Android_Qt_6_7_3_Clang_arm64_v8a-Debug\android-build\AndroidManifest.xml:7:23-48
18        android:largeScreens="true"
18-->Android_Qt_6_7_3_Clang_arm64_v8a-Debug\android-build\AndroidManifest.xml:7:49-76
19        android:normalScreens="true"
19-->Android_Qt_6_7_3_Clang_arm64_v8a-Debug\android-build\AndroidManifest.xml:7:77-105
20        android:smallScreens="true" />
20-->Android_Qt_6_7_3_Clang_arm64_v8a-Debug\android-build\AndroidManifest.xml:7:106-133
21
22    <permission
22-->[androidx.core:core:1.13.1] AndroidManifest.xml:22:5-24:47
23        android:name="org.qtproject.example.DYNAMIC_RECEIVER_NOT_EXPORTED_PERMISSION"
23-->[androidx.core:core:1.13.1] AndroidManifest.xml:23:9-81
24        android:protectionLevel="signature" />
24-->[androidx.core:core:1.13.1] AndroidManifest.xml:24:9-44
25
26    <uses-permission android:name="org.qtproject.example.DYNAMIC_RECEIVER_NOT_EXPORTED_PERMISSION" />
26-->[androidx.core:core:1.13.1] AndroidManifest.xml:26:5-97
26-->[androidx.core:core:1.13.1] AndroidManifest.xml:26:22-94
27
28    <application
28-->Android_Qt_6_7_3_Clang_arm64_v8a-Debug\android-build\AndroidManifest.xml:8:5-21:19
29        android:name="org.qtproject.qt.android.bindings.QtApplication"
29-->Android_Qt_6_7_3_Clang_arm64_v8a-Debug\android-build\AndroidManifest.xml:8:18-80
30        android:allowBackup="true"
30-->Android_Qt_6_7_3_Clang_arm64_v8a-Debug\android-build\AndroidManifest.xml:8:188-214
31        android:appComponentFactory="androidx.core.app.CoreComponentFactory"
31-->[androidx.core:core:1.13.1] AndroidManifest.xml:28:18-86
32        android:debuggable="true"
33        android:fullBackupOnly="false"
33-->Android_Qt_6_7_3_Clang_arm64_v8a-Debug\android-build\AndroidManifest.xml:8:215-245
34        android:hardwareAccelerated="true"
34-->Android_Qt_6_7_3_Clang_arm64_v8a-Debug\android-build\AndroidManifest.xml:8:81-115
35        android:icon="@drawable/icon"
35-->Android_Qt_6_7_3_Clang_arm64_v8a-Debug\android-build\AndroidManifest.xml:8:246-275
36        android:label="ObstacleCar"
36-->Android_Qt_6_7_3_Clang_arm64_v8a-Debug\android-build\AndroidManifest.xml:8:116-143
37        android:requestLegacyExternalStorage="true" >
37-->Android_Qt_6_7_3_Clang_arm64_v8a-Debug\android-build\AndroidManifest.xml:8:144-187
38        <activity
38-->Android_Qt_6_7_3_Clang_arm64_v8a-Debug\android-build\AndroidManifest.xml:9:9-16:20
39            android:name="org.qtproject.qt.android.bindings.QtActivity"
39-->Android_Qt_6_7_3_Clang_arm64_v8a-Debug\android-build\AndroidManifest.xml:9:19-78
40            android:configChanges="orientation|uiMode|screenLayout|screenSize|smallestScreenSize|layoutDirection|locale|fontScale|keyboard|keyboardHidden|navigation|mcc|mnc|density"
40-->Android_Qt_6_7_3_Clang_arm64_v8a-Debug\android-build\AndroidManifest.xml:9:79-248
41            android:exported="true"
41-->Android_Qt_6_7_3_Clang_arm64_v8a-Debug\android-build\AndroidManifest.xml:9:320-343
42            android:label=""
42-->Android_Qt_6_7_3_Clang_arm64_v8a-Debug\android-build\AndroidManifest.xml:9:344-360
43            android:launchMode="singleTop"
43-->Android_Qt_6_7_3_Clang_arm64_v8a-Debug\android-build\AndroidManifest.xml:9:249-279
44            android:screenOrientation="unspecified" >
44-->Android_Qt_6_7_3_Clang_arm64_v8a-Debug\android-build\AndroidManifest.xml:9:280-319
45            <intent-filter>
45-->Android_Qt_6_7_3_Clang_arm64_v8a-Debug\android-build\AndroidManifest.xml:10:13-13:29
46                <action android:name="android.intent.action.MAIN" />
46-->Android_Qt_6_7_3_Clang_arm64_v8a-Debug\android-build\AndroidManifest.xml:11:17-68
46-->Android_Qt_6_7_3_Clang_arm64_v8a-Debug\android-build\AndroidManifest.xml:11:25-66
47
48                <category android:name="android.intent.category.LAUNCHER" />
48-->Android_Qt_6_7_3_Clang_arm64_v8a-Debug\android-build\AndroidManifest.xml:12:17-76
48-->Android_Qt_6_7_3_Clang_arm64_v8a-Debug\android-build\AndroidManifest.xml:12:27-74
49            </intent-filter>
50
51            <meta-data
51-->Android_Qt_6_7_3_Clang_arm64_v8a-Debug\android-build\AndroidManifest.xml:14:13-89
52                android:name="android.app.lib_name"
52-->Android_Qt_6_7_3_Clang_arm64_v8a-Debug\android-build\AndroidManifest.xml:14:24-59
53                android:value="ObstacleCar" />
53-->Android_Qt_6_7_3_Clang_arm64_v8a-Debug\android-build\AndroidManifest.xml:14:60-87
54            <meta-data
54-->Android_Qt_6_7_3_Clang_arm64_v8a-Debug\android-build\AndroidManifest.xml:15:13-79
55                android:name="android.app.arguments"
55-->Android_Qt_6_7_3_Clang_arm64_v8a-Debug\android-build\AndroidManifest.xml:15:24-60
56                android:value="" />
56-->Android_Qt_6_7_3_Clang_arm64_v8a-Debug\android-build\AndroidManifest.xml:15:61-77
57        </activity>
58
59        <provider
60            android:name="androidx.core.content.FileProvider"
60-->Android_Qt_6_7_3_Clang_arm64_v8a-Debug\android-build\AndroidManifest.xml:18:19-68
61            android:authorities="org.qtproject.example.qtprovider"
61-->Android_Qt_6_7_3_Clang_arm64_v8a-Debug\android-build\AndroidManifest.xml:18:69-118
62            android:exported="false"
62-->Android_Qt_6_7_3_Clang_arm64_v8a-Debug\android-build\AndroidManifest.xml:18:119-143
63            android:grantUriPermissions="true" >
63-->Android_Qt_6_7_3_Clang_arm64_v8a-Debug\android-build\AndroidManifest.xml:18:144-178
64            <meta-data
64-->Android_Qt_6_7_3_Clang_arm64_v8a-Debug\android-build\AndroidManifest.xml:19:13-117
65                android:name="android.support.FILE_PROVIDER_PATHS"
65-->Android_Qt_6_7_3_Clang_arm64_v8a-Debug\android-build\AndroidManifest.xml:19:24-74
66                android:resource="@xml/qtprovider_paths" />
66-->Android_Qt_6_7_3_Clang_arm64_v8a-Debug\android-build\AndroidManifest.xml:19:75-115
67        </provider>
68        <provider
68-->[androidx.profileinstaller:profileinstaller:1.3.0] AndroidManifest.xml:24:9-32:20
69            android:name="androidx.startup.InitializationProvider"
69-->[androidx.profileinstaller:profileinstaller:1.3.0] AndroidManifest.xml:25:13-67
70            android:authorities="org.qtproject.example.androidx-startup"
70-->[androidx.profileinstaller:profileinstaller:1.3.0] AndroidManifest.xml:26:13-68
71            android:exported="false" >
71-->[androidx.profileinstaller:profileinstaller:1.3.0] AndroidManifest.xml:27:13-37
72            <meta-data
72-->[androidx.profileinstaller:profileinstaller:1.3.0] AndroidManifest.xml:29:13-31:52
73                android:name="androidx.profileinstaller.ProfileInstallerInitializer"
73-->[androidx.profileinstaller:profileinstaller:1.3.0] AndroidManifest.xml:30:17-85
74                android:value="androidx.startup" />
74-->[androidx.profileinstaller:profileinstaller:1.3.0] AndroidManifest.xml:31:17-49
75        </provider>
76
77        <receiver
77-->[androidx.profileinstaller:profileinstaller:1.3.0] AndroidManifest.xml:34:9-52:20
78            android:name="androidx.profileinstaller.ProfileInstallReceiver"
78-->[androidx.profileinstaller:profileinstaller:1.3.0] AndroidManifest.xml:35:13-76
79            android:directBootAware="false"
79-->[androidx.profileinstaller:profileinstaller:1.3.0] AndroidManifest.xml:36:13-44
80            android:enabled="true"
80-->[androidx.profileinstaller:profileinstaller:1.3.0] AndroidManifest.xml:37:13-35
81            android:exported="true"
81-->[androidx.profileinstaller:profileinstaller:1.3.0] AndroidManifest.xml:38:13-36
82            android:permission="android.permission.DUMP" >
82-->[androidx.profileinstaller:profileinstaller:1.3.0] AndroidManifest.xml:39:13-57
83            <intent-filter>
83-->[androidx.profileinstaller:profileinstaller:1.3.0] AndroidManifest.xml:40:13-42:29
84                <action android:name="androidx.profileinstaller.action.INSTALL_PROFILE" />
84-->[androidx.profileinstaller:profileinstaller:1.3.0] AndroidManifest.xml:41:17-91
84-->[androidx.profileinstaller:profileinstaller:1.3.0] AndroidManifest.xml:41:25-88
85            </intent-filter>
86            <intent-filter>
86-->[androidx.profileinstaller:profileinstaller:1.3.0] AndroidManifest.xml:43:13-45:29
87                <action android:name="androidx.profileinstaller.action.SKIP_FILE" />
87-->[androidx.profileinstaller:profileinstaller:1.3.0] AndroidManifest.xml:44:17-85
87-->[androidx.profileinstaller:profileinstaller:1.3.0] AndroidManifest.xml:44:25-82
88            </intent-filter>
89            <intent-filter>
89-->[androidx.profileinstaller:profileinstaller:1.3.0] AndroidManifest.xml:46:13-48:29
90                <action android:name="androidx.profileinstaller.action.SAVE_PROFILE" />
90-->[androidx.profileinstaller:profileinstaller:1.3.0] AndroidManifest.xml:47:17-88
90-->[androidx.profileinstaller:profileinstaller:1.3.0] AndroidManifest.xml:47:25-85
91            </intent-filter>
92            <intent-filter>
92-->[androidx.profileinstaller:profileinstaller:1.3.0] AndroidManifest.xml:49:13-51:29
93                <action android:name="androidx.profileinstaller.action.BENCHMARK_OPERATION" />
93-->[androidx.profileinstaller:profileinstaller:1.3.0] AndroidManifest.xml:50:17-95
93-->[androidx.profileinstaller:profileinstaller:1.3.0] AndroidManifest.xml:50:25-92
94            </intent-filter>
95        </receiver>
96    </application>
97
98</manifest>